<?xml version="1.0" encoding="UTF-8"?>
<testsuite name="org.wuerthner.cwn.metric.MetricTest" tests="20" skipped="0" failures="0" errors="0" timestamp="2021-05-09T13:33:51" hostname="Kaventsmann" time="0.193">
  <properties/>
  <testcase name="testMetric_2_2_4" classname="org.wuerthner.cwn.metric.MetricTest" time="0.001"/>
  <testcase name="testMetric_3_1_4" classname="org.wuerthner.cwn.metric.MetricTest" time="0.0"/>
  <testcase name="testMetric_3_3_4" classname="org.wuerthner.cwn.metric.MetricTest" time="0.001"/>
  <testcase name="testMetric_4_4" classname="org.wuerthner.cwn.metric.MetricTest" time="0.001"/>
  <testcase name="testMetric_3_2_3_16_plus_1_8" classname="org.wuerthner.cwn.metric.MetricTest" time="0.001"/>
  <testcase name="testDepth" classname="org.wuerthner.cwn.metric.MetricTest" time="0.001"/>
  <testcase name="test54" classname="org.wuerthner.cwn.metric.MetricTest" time="0.001"/>
  <testcase name="testInvalidMetric" classname="org.wuerthner.cwn.metric.MetricTest" time="0.0"/>
  <testcase name="testValidMetric" classname="org.wuerthner.cwn.metric.MetricTest" time="0.001"/>
  <testcase name="testMetric_2_plus_2_4" classname="org.wuerthner.cwn.metric.MetricTest" time="0.0"/>
  <testcase name="testMetric_2_2_4" classname="org.wuerthner.cwn.metric.MetricTest" time="0.0"/>
  <testcase name="testMetric_3_1_4" classname="org.wuerthner.cwn.metric.MetricTest" time="0.0"/>
  <testcase name="testMetric_3_3_4" classname="org.wuerthner.cwn.metric.MetricTest" time="0.001"/>
  <testcase name="testMetric_4_4" classname="org.wuerthner.cwn.metric.MetricTest" time="0.0"/>
  <testcase name="testMetric_3_2_3_16_plus_1_8" classname="org.wuerthner.cwn.metric.MetricTest" time="0.001"/>
  <testcase name="testDepth" classname="org.wuerthner.cwn.metric.MetricTest" time="0.001"/>
  <testcase name="test54" classname="org.wuerthner.cwn.metric.MetricTest" time="0.0"/>
  <testcase name="testInvalidMetric" classname="org.wuerthner.cwn.metric.MetricTest" time="0.0"/>
  <testcase name="testValidMetric" classname="org.wuerthner.cwn.metric.MetricTest" time="0.001"/>
  <testcase name="testMetric_2_plus_2_4" classname="org.wuerthner.cwn.metric.MetricTest" time="0.0"/>
  <system-out><![CDATA[]]></system-out>
  <system-err><![CDATA[]]></system-err>
</testsuite>
