<?xml version="1.0" encoding="UTF-8"?>
<testsuite name="org.wuerthner.cwn.score.SignsTest" tests="2" skipped="0" failures="0" errors="0" timestamp="2021-05-09T13:33:50" hostname="Kaventsmann" time="0.764">
  <properties/>
  <testcase name="testSigns" classname="org.wuerthner.cwn.score.SignsTest" time="0.0"/>
  <testcase name="testSigns" classname="org.wuerthner.cwn.score.SignsTest" time="0.0"/>
  <system-out><![CDATA[]]></system-out>
  <system-err><![CDATA[]]></system-err>
</testsuite>
