<?xml version="1.0" encoding="UTF-8"?>
<testsuite name="org.wuerthner.cwn.print.PrintTest" tests="2" skipped="2" failures="0" errors="0" timestamp="2021-05-09T13:33:51" hostname="Kaventsmann" time="0.184">
  <properties/>
  <testcase name="testPrint" classname="org.wuerthner.cwn.print.PrintTest" time="0.0">
    <skipped/>
  </testcase>
  <testcase name="testPrint" classname="org.wuerthner.cwn.print.PrintTest" time="0.0">
    <skipped/>
  </testcase>
  <system-out><![CDATA[]]></system-out>
  <system-err><![CDATA[]]></system-err>
</testsuite>
