<?xml version="1.0" encoding="UTF-8"?>
<testsuite name="org.wuerthner.cwn.timesignature.TimeSignatureTest" tests="4" skipped="0" failures="0" errors="0" timestamp="2021-05-09T13:33:51" hostname="Kaventsmann" time="0.134">
  <properties/>
  <testcase name="testGroups" classname="org.wuerthner.cwn.timesignature.TimeSignatureTest" time="0.001"/>
  <testcase name="testSignature" classname="org.wuerthner.cwn.timesignature.TimeSignatureTest" time="0.0"/>
  <testcase name="testGroups" classname="org.wuerthner.cwn.timesignature.TimeSignatureTest" time="0.001"/>
  <testcase name="testSignature" classname="org.wuerthner.cwn.timesignature.TimeSignatureTest" time="0.0"/>
  <system-out><![CDATA[]]></system-out>
  <system-err><![CDATA[]]></system-err>
</testsuite>
