<?xml version="1.0" encoding="UTF-8"?>
<testsuite name="org.wuerthner.cwn.testsuite.TestSuite$OpenReport" tests="2" skipped="0" failures="0" errors="0" timestamp="2021-05-09T13:33:51" hostname="Kaventsmann" time="0.184">
  <properties/>
  <testcase name="open" classname="org.wuerthner.cwn.testsuite.TestSuite$OpenReport" time="0.0"/>
  <testcase name="open" classname="org.wuerthner.cwn.testsuite.TestSuite$OpenReport" time="0.0"/>
  <system-out><![CDATA[]]></system-out>
  <system-err><![CDATA[]]></system-err>
</testsuite>
