<?xml version="1.0" encoding="UTF-8"?>
<testsuite name="org.wuerthner.cwn.TriasTest" tests="8" skipped="0" failures="0" errors="0" timestamp="2021-05-09T13:33:51" hostname="Kaventsmann" time="0.181">
  <properties/>
  <testcase name="testInvalidBeat" classname="org.wuerthner.cwn.TriasTest" time="0.001"/>
  <testcase name="testTrias" classname="org.wuerthner.cwn.TriasTest" time="0.0"/>
  <testcase name="testMalformedPosition" classname="org.wuerthner.cwn.TriasTest" time="0.0"/>
  <testcase name="testInvalidBar" classname="org.wuerthner.cwn.TriasTest" time="0.0"/>
  <testcase name="testInvalidBeat" classname="org.wuerthner.cwn.TriasTest" time="0.0"/>
  <testcase name="testTrias" classname="org.wuerthner.cwn.TriasTest" time="0.0"/>
  <testcase name="testMalformedPosition" classname="org.wuerthner.cwn.TriasTest" time="0.0"/>
  <testcase name="testInvalidBar" classname="org.wuerthner.cwn.TriasTest" time="0.001"/>
  <system-out><![CDATA[]]></system-out>
  <system-err><![CDATA[]]></system-err>
</testsuite>
