<?xml version="1.0" encoding="UTF-8"?>
<testsuite name="org.wuerthner.cwn.NoteTest" tests="4" skipped="0" failures="0" errors="0" timestamp="2021-05-09T13:33:51" hostname="Kaventsmann" time="0.204">
  <properties/>
  <testcase name="testAmbiguous" classname="org.wuerthner.cwn.NoteTest" time="0.002"/>
  <testcase name="testChord" classname="org.wuerthner.cwn.NoteTest" time="0.002"/>
  <testcase name="testAmbiguous" classname="org.wuerthner.cwn.NoteTest" time="0.001"/>
  <testcase name="testChord" classname="org.wuerthner.cwn.NoteTest" time="0.001"/>
  <system-out><![CDATA[=== System 1 ===
- Staff: 1
ScoreBar={start='1.1.0', duration=3840, shortestValue=480, stretchFactor=1.0
  scoreVoiceList=[
    ScoreVoice={ voiceIndex=0, 
      ScoreChord {minPitch=62, maxPitch=74, duration=480, ambiguous duration [ScoreNote={position: 1.1.0, duration: 480, pitch: 62 G, dt: regular, base: 8} & ScoreNote={position: 1.1.0, duration: 480, pitch: 65 G, dt: regular, base: 8} & ScoreNote={position: 1.1.0, duration: 480, pitch: 68 G, dt: regular, base: 8} & ScoreNote={position: 1.1.0, duration: 960, pitch: 71 -, dt: regular, base: 4} & ScoreNote={position: 1.1.0, duration: 480, pitch: 72 G, dt: regular, base: 8} & ScoreNote={position: 1.1.0, duration: 480, pitch: 74 G, dt: regular, base: 8}]}
      ScoreRest={position: 1.1.480, duration: 480 , dt: regular, base: 8}
      ScoreRest={position: 1.2.0, duration: 960 , dt: regular, base: 4}
      ScoreRest={position: 1.3.0, duration: 1920 , dt: regular, base: 2}}]}


=== System 1 ===
- Staff: 1
ScoreBar={start='1.1.0', duration=3840, shortestValue=480, stretchFactor=1.0
  scoreVoiceList=[
    ScoreVoice={ voiceIndex=0, 
      ScoreChord {minPitch=62, maxPitch=74, duration=480, ambiguous duration [ScoreNote={position: 1.1.0, duration: 480, pitch: 62 G, dt: regular, base: 8} & ScoreNote={position: 1.1.0, duration: 480, pitch: 65 G, dt: regular, base: 8} & ScoreNote={position: 1.1.0, duration: 480, pitch: 68 G, dt: regular, base: 8} & ScoreNote={position: 1.1.0, duration: 960, pitch: 71 -, dt: regular, base: 4} & ScoreNote={position: 1.1.0, duration: 480, pitch: 72 G, dt: regular, base: 8} & ScoreNote={position: 1.1.0, duration: 480, pitch: 74 G, dt: regular, base: 8}]}
      ScoreRest={position: 1.1.480, duration: 480 , dt: regular, base: 8}
      ScoreRest={position: 1.2.0, duration: 960 , dt: regular, base: 4}
      ScoreRest={position: 1.3.0, duration: 1920 , dt: regular, base: 2}}]}


]]></system-out>
  <system-err><![CDATA[]]></system-err>
</testsuite>
