<?xml version="1.0" encoding="UTF-8"?>
<testsuite name="org.wuerthner.cwn.score.TestScore" tests="2" skipped="0" failures="0" errors="0" timestamp="2021-05-09T13:33:50" hostname="Kaventsmann" time="0.799">
  <properties/>
  <testcase name="scoreTest" classname="org.wuerthner.cwn.score.TestScore" time="0.115"/>
  <testcase name="scoreTest" classname="org.wuerthner.cwn.score.TestScore" time="0.038"/>
  <system-out><![CDATA[running test: test 4/4 [none] (test44.score)
running test: test 6/8 [none] (test68.score)
running test: test 4/4 voices [none] (test44.score)
running test: test 5/4 two voice [splitRests, allowDottedRests] (test54-WithVoices.score)
running test: test triplets with voices [none] (testTripletsWithVoices.score)
running test: test 4/4 [allowDottedRests, splitRests] (test44dbsb.score)
running test: test 4/4 [allowDottedRests] (test44db.score)
running test: test 6/8 [allowDottedRests] (test68db.score)
running test: test 5/4 [allowDottedRests] (test55db.score)
running test: test 4/4 Triplets [splitRests] (testTriplets.score)
running test: test multiple signatures [allowDottedRests] (testMultiSig.score)
running test: test 6/8 [splitRests] (test68sb.score)
running test: test split-notes 4/4 [allowDottedRests] (testSplitNote.score)
running test: test 5/4 [none] (test54.score)
running test: test 3/4 Quintuplets [splitRests] (testQuintuplets.score)
running test: test 4/4 [splitRests] (test44sb.score)
running test: test 4/4 [none] (test44.score)
running test: test 6/8 [none] (test68.score)
running test: test 4/4 voices [none] (test44.score)
running test: test 5/4 two voice [splitRests, allowDottedRests] (test54-WithVoices.score)
running test: test triplets with voices [none] (testTripletsWithVoices.score)
running test: test 4/4 [allowDottedRests, splitRests] (test44dbsb.score)
running test: test 4/4 [allowDottedRests] (test44db.score)
running test: test 6/8 [allowDottedRests] (test68db.score)
running test: test 5/4 [allowDottedRests] (test55db.score)
running test: test 4/4 Triplets [splitRests] (testTriplets.score)
running test: test multiple signatures [allowDottedRests] (testMultiSig.score)
running test: test 6/8 [splitRests] (test68sb.score)
running test: test split-notes 4/4 [allowDottedRests] (testSplitNote.score)
running test: test 5/4 [none] (test54.score)
running test: test 3/4 Quintuplets [splitRests] (testQuintuplets.score)
running test: test 4/4 [splitRests] (test44sb.score)
]]></system-out>
  <system-err><![CDATA[]]></system-err>
</testsuite>
