<?xml version="1.0" encoding="UTF-8"?>
<testsuite name="org.wuerthner.cwn.timesignature.RatioTest" tests="4" skipped="0" failures="0" errors="0" timestamp="2021-05-09T13:33:51" hostname="Kaventsmann" time="0.136">
  <properties/>
  <testcase name="testRatio" classname="org.wuerthner.cwn.timesignature.RatioTest" time="0.0"/>
  <testcase name="testRatioAsString" classname="org.wuerthner.cwn.timesignature.RatioTest" time="0.0"/>
  <testcase name="testRatio" classname="org.wuerthner.cwn.timesignature.RatioTest" time="0.0"/>
  <testcase name="testRatioAsString" classname="org.wuerthner.cwn.timesignature.RatioTest" time="0.001"/>
  <system-out><![CDATA[]]></system-out>
  <system-err><![CDATA[]]></system-err>
</testsuite>
