<?xml version="1.0" encoding="UTF-8"?>
<testsuite name="org.wuerthner.cwn.metric.MetricDurationTest" tests="2" skipped="2" failures="0" errors="0" timestamp="2021-05-09T13:33:51" hostname="Kaventsmann" time="0.194">
  <properties/>
  <testcase name="testDurationList" classname="org.wuerthner.cwn.metric.MetricDurationTest" time="0.0">
    <skipped/>
  </testcase>
  <testcase name="testDurationList" classname="org.wuerthner.cwn.metric.MetricDurationTest" time="0.0">
    <skipped/>
  </testcase>
  <system-out><![CDATA[]]></system-out>
  <system-err><![CDATA[]]></system-err>
</testsuite>
