<?xml version="1.0" encoding="UTF-8"?>
<testsuite name="org.wuerthner.cwn.ScoreBuilderTest" tests="8" skipped="6" failures="0" errors="0" timestamp="2021-05-09T13:33:51" hostname="Kaventsmann" time="0.191">
  <properties/>
  <testcase name="testPartition" classname="org.wuerthner.cwn.ScoreBuilderTest" time="0.0">
    <skipped/>
  </testcase>
  <testcase name="testDurationType" classname="org.wuerthner.cwn.ScoreBuilderTest" time="0.0">
    <skipped/>
  </testcase>
  <testcase name="test34" classname="org.wuerthner.cwn.ScoreBuilderTest" time="0.001"/>
  <testcase name="testBuilder" classname="org.wuerthner.cwn.ScoreBuilderTest" time="0.0">
    <skipped/>
  </testcase>
  <testcase name="testPartition" classname="org.wuerthner.cwn.ScoreBuilderTest" time="0.001">
    <skipped/>
  </testcase>
  <testcase name="testDurationType" classname="org.wuerthner.cwn.ScoreBuilderTest" time="0.0">
    <skipped/>
  </testcase>
  <testcase name="test34" classname="org.wuerthner.cwn.ScoreBuilderTest" time="0.001"/>
  <testcase name="testBuilder" classname="org.wuerthner.cwn.ScoreBuilderTest" time="0.0">
    <skipped/>
  </testcase>
  <system-out><![CDATA[]]></system-out>
  <system-err><![CDATA[]]></system-err>
</testsuite>
