<?xml version="1.0" encoding="UTF-8"?>
<testsuite name="org.wuerthner.cwn.score.RelativePositionAndDurationTest" tests="4" skipped="2" failures="0" errors="0" timestamp="2021-05-09T13:33:50" hostname="Kaventsmann" time="0.791">
  <properties/>
  <testcase name="testRelativePositionWithinBar" classname="org.wuerthner.cwn.score.RelativePositionAndDurationTest" time="0.0">
    <skipped/>
  </testcase>
  <testcase name="testQuantizedNote" classname="org.wuerthner.cwn.score.RelativePositionAndDurationTest" time="0.024"/>
  <testcase name="testRelativePositionWithinBar" classname="org.wuerthner.cwn.score.RelativePositionAndDurationTest" time="0.0">
    <skipped/>
  </testcase>
  <testcase name="testQuantizedNote" classname="org.wuerthner.cwn.score.RelativePositionAndDurationTest" time="0.0"/>
  <system-out><![CDATA[]]></system-out>
  <system-err><![CDATA[]]></system-err>
</testsuite>
