<?xml version="1.0" encoding="UTF-8"?>
<testsuite name="org.wuerthner.cwn.score.GroupTest" tests="2" skipped="2" failures="0" errors="0" timestamp="2021-05-09T13:33:50" hostname="Kaventsmann" time="0.759">
  <properties/>
  <testcase name="testGroups" classname="org.wuerthner.cwn.score.GroupTest" time="0.0">
    <skipped/>
  </testcase>
  <testcase name="testGroups" classname="org.wuerthner.cwn.score.GroupTest" time="0.0">
    <skipped/>
  </testcase>
  <system-out><![CDATA[]]></system-out>
  <system-err><![CDATA[]]></system-err>
</testsuite>
