<?xml version="1.0" encoding="UTF-8"?>
<testsuite name="org.wuerthner.cwn.score.NoteTest" tests="4" skipped="0" failures="0" errors="0" timestamp="2021-05-09T13:33:50" hostname="Kaventsmann" time="0.64">
  <properties/>
  <testcase name="testOverlap" classname="org.wuerthner.cwn.score.NoteTest" time="0.002"/>
  <testcase name="testDuration" classname="org.wuerthner.cwn.score.NoteTest" time="0.0"/>
  <testcase name="testOverlap" classname="org.wuerthner.cwn.score.NoteTest" time="0.001"/>
  <testcase name="testDuration" classname="org.wuerthner.cwn.score.NoteTest" time="0.001"/>
  <system-out><![CDATA[]]></system-out>
  <system-err><![CDATA[]]></system-err>
</testsuite>
