<?xml version="1.0" encoding="UTF-8"?>
<testsuite name="org.wuerthner.cwn.score.BarTest" tests="6" skipped="4" failures="0" errors="0" timestamp="2021-05-09T13:33:50" hostname="Kaventsmann" time="0.641">
  <properties/>
  <testcase name="testDurations" classname="org.wuerthner.cwn.score.BarTest" time="0.001"/>
  <testcase name="testVoices" classname="org.wuerthner.cwn.score.BarTest" time="0.0">
    <skipped/>
  </testcase>
  <testcase name="testSubstitution" classname="org.wuerthner.cwn.score.BarTest" time="0.0">
    <skipped/>
  </testcase>
  <testcase name="testDurations" classname="org.wuerthner.cwn.score.BarTest" time="0.002"/>
  <testcase name="testVoices" classname="org.wuerthner.cwn.score.BarTest" time="0.0">
    <skipped/>
  </testcase>
  <testcase name="testSubstitution" classname="org.wuerthner.cwn.score.BarTest" time="0.0">
    <skipped/>
  </testcase>
  <system-out><![CDATA[]]></system-out>
  <system-err><![CDATA[]]></system-err>
</testsuite>
